0 verbose cli /usr/local/nvm/versions/node/v20.11.1/bin/node /usr/local/nvm/versions/node/v20.11.1/bin/npm
1 info using npm@10.5.0
2 info using node@v20.11.1
3 timing npm:load:whichnode Completed in 2ms
4 timing config:load:defaults Completed in 2ms
5 timing config:load:file:/usr/local/nvm/versions/node/v20.11.1/lib/node_modules/npm/npmrc Completed in 17ms
6 timing config:load:builtin Completed in 17ms
7 timing config:load:cli Completed in 3ms
8 timing config:load:env Completed in 0ms
9 timing config:load:project Completed in 1ms
10 timing config:load:file:/home/danespar1/.npmrc Completed in 1ms
11 timing config:load:user Completed in 1ms
12 timing config:load:file:/usr/local/nvm/versions/node/v20.11.1/etc/npmrc Completed in 0ms
13 timing config:load:global Completed in 0ms
14 timing config:load:setEnvs Completed in 1ms
15 timing config:load Completed in 25ms
16 timing npm:load:configload Completed in 25ms
17 timing config:load:flatten Completed in 3ms
18 timing npm:load:mkdirpcache Completed in 0ms
19 timing npm:load:mkdirplogs Completed in 0ms
20 verbose title npm start
21 verbose argv "start"
22 timing npm:load:setTitle Completed in 0ms
23 timing npm:load:display Completed in 0ms
24 verbose logfile logs-max:10 dir:/home/danespar1/.npm/_logs/2024-04-03T20_39_41_534Z-
25 verbose logfile /home/danespar1/.npm/_logs/2024-04-03T20_39_41_534Z-debug-0.log
26 timing npm:load:logFile Completed in 9ms
27 timing npm:load:timers Completed in 0ms
28 timing npm:load:configScope Completed in 0ms
29 timing npm:load Completed in 55ms
30 timing command:run-script Completed in 4ms
31 timing command:start Completed in 14ms
32 verbose stack Error: Could not read package.json: Error: ENOENT: no such file or directory, open '/home/danespar1/package.json'
33 verbose cwd /home/danespar1
34 verbose Linux 6.1.75+
35 verbose node v20.11.1
36 verbose npm  v10.5.0
37 error code ENOENT
38 error syscall open
39 error path /home/danespar1/package.json
40 error errno -2
41 error enoent Could not read package.json: Error: ENOENT: no such file or directory, open '/home/danespar1/package.json'
42 error enoent This is related to npm not being able to find a file.
42 error enoent
43 verbose exit -2
44 timing npm Completed in 115ms
45 verbose code -2
46 error A complete log of this run can be found in: /home/danespar1/.npm/_logs/2024-04-03T20_39_41_534Z-debug-0.log
